mode: atomic
github.com/taehoio/protoc-gen-go-ddl/internal/ddl/ddl.go:9.67,10.39 1 0
github.com/taehoio/protoc-gen-go-ddl/internal/ddl/ddl.go:38.2,38.12 1 0
github.com/taehoio/protoc-gen-go-ddl/internal/ddl/ddl.go:10.39,11.27 1 0
github.com/taehoio/protoc-gen-go-ddl/internal/ddl/ddl.go:15.3,20.47 4 0
github.com/taehoio/protoc-gen-go-ddl/internal/ddl/ddl.go:11.27,12.12 1 0
github.com/taehoio/protoc-gen-go-ddl/internal/ddl/ddl.go:20.47,22.18 2 0
github.com/taehoio/protoc-gen-go-ddl/internal/ddl/ddl.go:26.4,27.39 2 0
github.com/taehoio/protoc-gen-go-ddl/internal/ddl/ddl.go:30.4,30.18 1 0
github.com/taehoio/protoc-gen-go-ddl/internal/ddl/ddl.go:34.4,34.29 1 0
github.com/taehoio/protoc-gen-go-ddl/internal/ddl/ddl.go:22.18,24.5 1 0
github.com/taehoio/protoc-gen-go-ddl/internal/ddl/ddl.go:27.39,28.13 1 0
github.com/taehoio/protoc-gen-go-ddl/internal/ddl/ddl.go:30.18,32.5 1 0
github.com/taehoio/protoc-gen-go-ddl/internal/ddl/ddl.go:41.110,46.51 5 0
github.com/taehoio/protoc-gen-go-ddl/internal/ddl/ddl.go:51.2,51.7 1 0
github.com/taehoio/protoc-gen-go-ddl/internal/ddl/ddl.go:46.51,48.3 1 0
github.com/taehoio/protoc-gen-go-ddl/internal/ddl/ddl.go:48.8,50.3 1 0
github.com/taehoio/protoc-gen-go-ddl/internal/ddl/ddl.go:54.49,56.14 2 0
github.com/taehoio/protoc-gen-go-ddl/internal/ddl/ddl.go:59.2,60.33 2 0
github.com/taehoio/protoc-gen-go-ddl/internal/ddl/ddl.go:63.2,63.85 1 0
github.com/taehoio/protoc-gen-go-ddl/internal/ddl/ddl.go:56.14,58.3 1 0
github.com/taehoio/protoc-gen-go-ddl/internal/ddl/ddl.go:60.33,62.3 1 0
github.com/taehoio/protoc-gen-go-ddl/internal/ddl/field.go:27.53,35.16 4 17
github.com/taehoio/protoc-gen-go-ddl/internal/ddl/field.go:38.2,43.15 4 17
github.com/taehoio/protoc-gen-go-ddl/internal/ddl/field.go:35.16,37.3 1 0
github.com/taehoio/protoc-gen-go-ddl/internal/ddl/field.go:48.48,51.14 2 17
github.com/taehoio/protoc-gen-go-ddl/internal/ddl/field.go:52.30,53.20 1 0
github.com/taehoio/protoc-gen-go-ddl/internal/ddl/field.go:54.30,55.23 1 0
github.com/taehoio/protoc-gen-go-ddl/internal/ddl/field.go:56.31,57.29 1 0
github.com/taehoio/protoc-gen-go-ddl/internal/ddl/field.go:58.31,59.32 1 4
github.com/taehoio/protoc-gen-go-ddl/internal/ddl/field.go:60.31,61.20 1 0
github.com/taehoio/protoc-gen-go-ddl/internal/ddl/field.go:62.31,63.23 1 0
github.com/taehoio/protoc-gen-go-ddl/internal/ddl/field.go:64.32,65.20 1 0
github.com/taehoio/protoc-gen-go-ddl/internal/ddl/field.go:66.32,67.23 1 0
github.com/taehoio/protoc-gen-go-ddl/internal/ddl/field.go:68.33,69.20 1 0
github.com/taehoio/protoc-gen-go-ddl/internal/ddl/field.go:70.33,71.23 1 0
github.com/taehoio/protoc-gen-go-ddl/internal/ddl/field.go:72.30,73.22 1 0
github.com/taehoio/protoc-gen-go-ddl/internal/ddl/field.go:74.31,75.23 1 0
github.com/taehoio/protoc-gen-go-ddl/internal/ddl/field.go:76.31,77.63 1 7
github.com/taehoio/protoc-gen-go-ddl/internal/ddl/field.go:78.30,79.22 1 0
github.com/taehoio/protoc-gen-go-ddl/internal/ddl/field.go:80.29,81.24 1 0
github.com/taehoio/protoc-gen-go-ddl/internal/ddl/field.go:82.29,83.20 1 0
github.com/taehoio/protoc-gen-go-ddl/internal/ddl/field.go:84.32,85.71 1 6
github.com/taehoio/protoc-gen-go-ddl/internal/ddl/field.go:88.3,88.22 1 0
github.com/taehoio/protoc-gen-go-ddl/internal/ddl/field.go:89.10,90.53 1 0
github.com/taehoio/protoc-gen-go-ddl/internal/ddl/field.go:85.71,87.4 1 6
github.com/taehoio/protoc-gen-go-ddl/internal/ddl/field.go:94.49,107.32 6 19
github.com/taehoio/protoc-gen-go-ddl/internal/ddl/field.go:114.2,114.21 1 19
github.com/taehoio/protoc-gen-go-ddl/internal/ddl/field.go:107.32,112.3 1 4
github.com/taehoio/protoc-gen-go-ddl/internal/ddl/field.go:117.31,119.2 1 1
github.com/taehoio/protoc-gen-go-ddl/internal/ddl/messageinfo.go:35.69,41.16 3 1
github.com/taehoio/protoc-gen-go-ddl/internal/ddl/messageinfo.go:44.2,47.16 3 1
github.com/taehoio/protoc-gen-go-ddl/internal/ddl/messageinfo.go:50.2,53.16 3 1
github.com/taehoio/protoc-gen-go-ddl/internal/ddl/messageinfo.go:56.2,59.16 3 1
github.com/taehoio/protoc-gen-go-ddl/internal/ddl/messageinfo.go:62.2,64.15 2 1
github.com/taehoio/protoc-gen-go-ddl/internal/ddl/messageinfo.go:41.16,43.3 1 0
github.com/taehoio/protoc-gen-go-ddl/internal/ddl/messageinfo.go:47.16,49.3 1 0
github.com/taehoio/protoc-gen-go-ddl/internal/ddl/messageinfo.go:53.16,55.3 1 0
github.com/taehoio/protoc-gen-go-ddl/internal/ddl/messageinfo.go:59.16,61.3 1 0
github.com/taehoio/protoc-gen-go-ddl/internal/ddl/messageinfo.go:67.69,80.2 5 2
github.com/taehoio/protoc-gen-go-ddl/internal/ddl/messageinfo.go:82.56,85.42 2 1
github.com/taehoio/protoc-gen-go-ddl/internal/ddl/messageinfo.go:94.2,94.20 1 1
github.com/taehoio/protoc-gen-go-ddl/internal/ddl/messageinfo.go:85.42,87.17 2 7
github.com/taehoio/protoc-gen-go-ddl/internal/ddl/messageinfo.go:91.3,91.30 1 7
github.com/taehoio/protoc-gen-go-ddl/internal/ddl/messageinfo.go:87.17,89.4 1 0
github.com/taehoio/protoc-gen-go-ddl/internal/ddl/messageinfo.go:97.55,100.34 2 1
github.com/taehoio/protoc-gen-go-ddl/internal/ddl/messageinfo.go:108.2,108.18 1 1
github.com/taehoio/protoc-gen-go-ddl/internal/ddl/messageinfo.go:100.34,101.37 1 7
github.com/taehoio/protoc-gen-go-ddl/internal/ddl/messageinfo.go:101.37,102.64 1 8
github.com/taehoio/protoc-gen-go-ddl/internal/ddl/messageinfo.go:102.64,104.5 1 1
github.com/taehoio/protoc-gen-go-ddl/internal/ddl/messageinfo.go:111.57,114.34 2 1
github.com/taehoio/protoc-gen-go-ddl/internal/ddl/messageinfo.go:130.2,131.29 2 1
github.com/taehoio/protoc-gen-go-ddl/internal/ddl/messageinfo.go:138.2,138.21 1 1
github.com/taehoio/protoc-gen-go-ddl/internal/ddl/messageinfo.go:114.34,115.37 1 7
github.com/taehoio/protoc-gen-go-ddl/internal/ddl/messageinfo.go:115.37,116.43 1 8
github.com/taehoio/protoc-gen-go-ddl/internal/ddl/messageinfo.go:116.43,118.36 2 1
github.com/taehoio/protoc-gen-go-ddl/internal/ddl/messageinfo.go:118.36,122.21 4 1
github.com/taehoio/protoc-gen-go-ddl/internal/ddl/messageinfo.go:122.21,124.7 1 1
github.com/taehoio/protoc-gen-go-ddl/internal/ddl/messageinfo.go:131.29,136.3 1 1
github.com/taehoio/protoc-gen-go-ddl/internal/ddl/messageinfo.go:145.56,148.25 2 0
github.com/taehoio/protoc-gen-go-ddl/internal/ddl/messageinfo.go:152.2,153.34 2 0
github.com/taehoio/protoc-gen-go-ddl/internal/ddl/messageinfo.go:157.2,162.35 4 0
github.com/taehoio/protoc-gen-go-ddl/internal/ddl/messageinfo.go:166.2,166.41 1 0
github.com/taehoio/protoc-gen-go-ddl/internal/ddl/messageinfo.go:148.25,150.3 1 0
github.com/taehoio/protoc-gen-go-ddl/internal/ddl/messageinfo.go:153.34,155.3 1 0
github.com/taehoio/protoc-gen-go-ddl/internal/ddl/messageinfo.go:162.35,164.3 1 0
github.com/taehoio/protoc-gen-go-ddl/internal/ddl/messageinfo.go:169.44,170.40 1 0
github.com/taehoio/protoc-gen-go-ddl/internal/ddl/messageinfo.go:175.2,175.14 1 0
github.com/taehoio/protoc-gen-go-ddl/internal/ddl/messageinfo.go:170.40,171.121 1 0
github.com/taehoio/protoc-gen-go-ddl/internal/ddl/messageinfo.go:171.121,173.4 1 0
